# JRE version: OpenJDK Runtime Environment (17.0+35) (build 17+35-2724)
# Java VM: OpenJDK 64-Bit Server VM (17+35-2724, mixed mode, sharing, tiered, compressed oops, compressed class ptrs, g1 gc, windows-amd64)
GC Precious Log:
 CPUs: 8 total, 8 available
 Memory: 32487M
 Large Page Support: Disabled
 NUMA Support: Disabled
 Compressed Oops: Enabled (Zero based)
 Heap Region Size: 4M
 Heap Min Capacity: 8M
 Heap Initial Capacity: 508M
 Heap Max Capacity: 8124M
 Pre-touch: Disabled
 Parallel Workers: 8
 Concurrent Workers: 2
 Concurrent Refinement Workers: 8
 Periodic GC: Disabled
Heap:
 garbage-first heap   total 192512K, used 103797K [0x0000000604400000, 0x0000000800000000)
  region size 4096K, 14 young (57344K), 1 survivors (4096K)
 Metaspace       used 111976K, committed 112640K, reserved 1155072K
  class space    used 14879K, committed 15168K, reserved 1048576K
GC Heap History (20 events):
Event: 49.013 GC heap before
{Heap before GC invocations=15 (full 0):
 garbage-first heap   total 315392K, used 148433K [0x0000000604400000, 0x0000000800000000)
  region size 4096K, 30 young (122880K), 4 survivors (16384K)
 Metaspace       used 59799K, committed 60288K, reserved 1105920K
  class space    used 7433K, committed 7680K, reserved 1048576K
}
Event: 49.053 GC heap after
{Heap after GC invocations=16 (full 0):
 garbage-first heap   total 315392K, used 50686K [0x0000000604400000, 0x0000000800000000)
  region size 4096K, 3 young (12288K), 3 survivors (12288K)
 Metaspace       used 59799K, committed 60288K, reserved 1105920K
  class space    used 7433K, committed 7680K, reserved 1048576K
}
Event: 52.474 GC heap before
{Heap before GC invocations=17 (full 0):
 garbage-first heap   total 192512K, used 153086K [0x0000000604400000, 0x0000000800000000)
  region size 4096K, 28 young (114688K), 3 survivors (12288K)
 Metaspace       used 70981K, committed 71488K, reserved 1114112K
  class space    used 9907K, committed 10112K, reserved 1048576K
}
Event: 52.504 GC heap after
{Heap after GC invocations=18 (full 0):
 garbage-first heap   total 192512K, used 53514K [0x0000000604400000, 0x0000000800000000)
  region size 4096K, 2 young (8192K), 2 survivors (8192K)
 Metaspace       used 70981K, committed 71488K, reserved 1114112K
  class space    used 9907K, committed 10112K, reserved 1048576K
}
Event: 52.744 GC heap before
{Heap before GC invocations=18 (full 0):
 garbage-first heap   total 192512K, used 57610K [0x0000000604400000, 0x0000000800000000)
  region size 4096K, 3 young (12288K), 2 survivors (8192K)
 Metaspace       used 71419K, committed 71936K, reserved 1114112K
  class space    used 10018K, committed 10240K, reserved 1048576K
}
Event: 52.766 GC heap after
{Heap after GC invocations=19 (full 0):
 garbage-first heap   total 192512K, used 54029K [0x0000000604400000, 0x0000000800000000)
  region size 4096K, 1 young (4096K), 1 survivors (4096K)
 Metaspace       used 71419K, committed 71936K, reserved 1114112K
  class space    used 10018K, committed 10240K, reserved 1048576K
}
Event: 58.824 GC heap before
{Heap before GC invocations=19 (full 0):
 garbage-first heap   total 192512K, used 152333K [0x0000000604400000, 0x0000000800000000)
  region size 4096K, 25 young (102400K), 1 survivors (4096K)
 Metaspace       used 78027K, committed 78528K, reserved 1122304K
  class space    used 11037K, committed 11264K, reserved 1048576K
}
Event: 58.841 GC heap after
{Heap after GC invocations=20 (full 0):
 garbage-first heap   total 192512K, used 57092K [0x0000000604400000, 0x0000000800000000)
  region size 4096K, 2 young (8192K), 2 survivors (8192K)
 Metaspace       used 78027K, committed 78528K, reserved 1122304K
  class space    used 11037K, committed 11264K, reserved 1048576K
}
Event: 64.720 GC heap before
{Heap before GC invocations=20 (full 0):
 garbage-first heap   total 192512K, used 155396K [0x0000000604400000, 0x0000000800000000)
  region size 4096K, 26 young (106496K), 2 survivors (8192K)
 Metaspace       used 82051K, committed 82624K, reserved 1122304K
  class space    used 11590K, committed 11904K, reserved 1048576K
}
Event: 64.737 GC heap after
{Heap after GC invocations=21 (full 0):
 garbage-first heap   total 192512K, used 59938K [0x0000000604400000, 0x0000000800000000)
  region size 4096K, 2 young (8192K), 2 survivors (8192K)
 Metaspace       used 82051K, committed 82624K, reserved 1122304K
  class space    used 11590K, committed 11904K, reserved 1048576K
}
Event: 114.033 GC heap before
{Heap before GC invocations=21 (full 0):
 garbage-first heap   total 192512K, used 158242K [0x0000000604400000, 0x0000000800000000)
  region size 4096K, 26 young (106496K), 2 survivors (8192K)
 Metaspace       used 90086K, committed 90624K, reserved 1130496K
  class space    used 12765K, committed 13056K, reserved 1048576K
}
Event: 114.058 GC heap after
{Heap after GC invocations=22 (full 0):
 garbage-first heap   total 192512K, used 62981K [0x0000000604400000, 0x0000000800000000)
  region size 4096K, 3 young (12288K), 3 survivors (12288K)
 Metaspace       used 90086K, committed 90624K, reserved 1130496K
  class space    used 12765K, committed 13056K, reserved 1048576K
}
Event: 17430.203 GC heap before
{Heap before GC invocations=22 (full 0):
 garbage-first heap   total 192512K, used 157189K [0x0000000604400000, 0x0000000800000000)
  region size 4096K, 26 young (106496K), 3 survivors (12288K)
 Metaspace       used 94963K, committed 95680K, reserved 1138688K
  class space    used 13231K, committed 13568K, reserved 1048576K
}
Event: 17430.272 GC heap after
{Heap after GC invocations=23 (full 0):
 garbage-first heap   total 192512K, used 66584K [0x0000000604400000, 0x0000000800000000)
  region size 4096K, 3 young (12288K), 3 survivors (12288K)
 Metaspace       used 94963K, committed 95680K, reserved 1138688K
  class space    used 13231K, committed 13568K, reserved 1048576K
}
Event: 54789.973 GC heap before
{Heap before GC invocations=23 (full 0):
 garbage-first heap   total 192512K, used 144408K [0x0000000604400000, 0x0000000800000000)
  region size 4096K, 24 young (98304K), 3 survivors (12288K)
 Metaspace       used 99980K, committed 100736K, reserved 1138688K
  class space    used 13766K, committed 14144K, reserved 1048576K
}
Event: 54790.001 GC heap after
{Heap after GC invocations=24 (full 0):
 garbage-first heap   total 192512K, used 67576K [0x0000000604400000, 0x0000000800000000)
  region size 4096K, 2 young (8192K), 2 survivors (8192K)
 Metaspace       used 99980K, committed 100736K, reserved 1138688K
  class space    used 13766K, committed 14144K, reserved 1048576K
}
Event: 54791.091 GC heap before
{Heap before GC invocations=25 (full 0):
 garbage-first heap   total 192512K, used 153592K [0x0000000604400000, 0x0000000800000000)
  region size 4096K, 24 young (98304K), 2 survivors (8192K)
 Metaspace       used 108956K, committed 109632K, reserved 1146880K
  class space    used 14605K, committed 14976K, reserved 1048576K
}
Event: 54791.104 GC heap after
{Heap after GC invocations=26 (full 0):
 garbage-first heap   total 192512K, used 67564K [0x0000000604400000, 0x0000000800000000)
  region size 4096K, 2 young (8192K), 2 survivors (8192K)
 Metaspace       used 108956K, committed 109632K, reserved 1146880K
  class space    used 14605K, committed 14976K, reserved 1048576K
}
Event: 54791.146 GC heap before
{Heap before GC invocations=26 (full 0):
 garbage-first heap   total 192512K, used 67564K [0x0000000604400000, 0x0000000800000000)
  region size 4096K, 3 young (12288K), 2 survivors (8192K)
 Metaspace       used 109339K, committed 110080K, reserved 1146880K
  class space    used 14635K, committed 15040K, reserved 1048576K
}
Event: 54791.170 GC heap after
{Heap after GC invocations=27 (full 0):
 garbage-first heap   total 192512K, used 58741K [0x0000000604400000, 0x0000000800000000)
  region size 4096K, 1 young (4096K), 1 survivors (4096K)
 Metaspace       used 109339K, committed 110080K, reserved 1146880K
  class space    used 14635K, committed 15040K, reserved 1048576K
}

